0 info it worked if it ends with ok
1 verbose cli [ '/usr/local/nvm/versions/node/v6.2.2/bin/node',
1 verbose cli   '/usr/local/nvm/versions/node/v6.2.2/bin/npm',
1 verbose cli   'run',
1 verbose cli   'server' ]
2 info using npm@3.9.5
3 info using node@v6.2.2
4 verbose run-script [ 'preserver', 'server', 'postserver' ]
5 info lifecycle flagger-capstone-project@1.0.0~preserver: flagger-capstone-project@1.0.0
6 silly lifecycle flagger-capstone-project@1.0.0~preserver: no script for preserver, continuing
7 info lifecycle flagger-capstone-project@1.0.0~server: flagger-capstone-project@1.0.0
8 verbose lifecycle flagger-capstone-project@1.0.0~server: unsafe-perm in lifecycle true
9 verbose lifecycle flagger-capstone-project@1.0.0~server: PATH: /usr/local/nvm/versions/node/v6.2.2/lib/node_modules/npm/bin/node-gyp-bin:/app/node_modules/.bin:/usr/local/nvm/versions/node/v6.2.2/bin:/app/node_modules/.bin:/usr/local/nvm/versions/node/v6.2.2/bin:/usr/local/sbin:/usr/local/bin:/usr/sbin:/usr/bin:/sbin:/bin
10 verbose lifecycle flagger-capstone-project@1.0.0~server: CWD: /app
11 silly lifecycle flagger-capstone-project@1.0.0~server: Args: [ '-c', 'babel-node ./server/index.js' ]
12 silly lifecycle flagger-capstone-project@1.0.0~server: Returned: code: 1  signal: null
13 info lifecycle flagger-capstone-project@1.0.0~server: Failed to exec server script
14 verbose stack Error: flagger-capstone-project@1.0.0 server: `babel-node ./server/index.js`
14 verbose stack Exit status 1
14 verbose stack     at EventEmitter.<anonymous> (/usr/local/nvm/versions/node/v6.2.2/lib/node_modules/npm/lib/utils/lifecycle.js:245:16)
14 verbose stack     at emitTwo (events.js:106:13)
14 verbose stack     at EventEmitter.emit (events.js:191:7)
14 verbose stack     at ChildProcess.<anonymous> (/usr/local/nvm/versions/node/v6.2.2/lib/node_modules/npm/lib/utils/spawn.js:24:14)
14 verbose stack     at emitTwo (events.js:106:13)
14 verbose stack     at ChildProcess.emit (events.js:191:7)
14 verbose stack     at maybeClose (internal/child_process.js:852:16)
14 verbose stack     at Process.ChildProcess._handle.onexit (internal/child_process.js:215:5)
15 verbose pkgid flagger-capstone-project@1.0.0
16 verbose cwd /app
17 error Linux 4.4.12-boot2docker
18 error argv "/usr/local/nvm/versions/node/v6.2.2/bin/node" "/usr/local/nvm/versions/node/v6.2.2/bin/npm" "run" "server"
19 error node v6.2.2
20 error npm  v3.9.5
21 error code ELIFECYCLE
22 error flagger-capstone-project@1.0.0 server: `babel-node ./server/index.js`
22 error Exit status 1
23 error Failed at the flagger-capstone-project@1.0.0 server script 'babel-node ./server/index.js'.
23 error Make sure you have the latest version of node.js and npm installed.
23 error If you do, this is most likely a problem with the flagger-capstone-project package,
23 error not with npm itself.
23 error Tell the author that this fails on your system:
23 error     babel-node ./server/index.js
23 error You can get information on how to open an issue for this project with:
23 error     npm bugs flagger-capstone-project
23 error Or if that isn't available, you can get their info via:
23 error     npm owner ls flagger-capstone-project
23 error There is likely additional logging output above.
24 verbose exit [ 1, true ]
